<?xml version="1.0" encoding="UTF-8"?>
<testsuite xmlns:xsi="http://www.w3.org/2001/XMLSchema-instance" xsi:noNamespaceSchemaLocation="https://maven.apache.org/surefire/maven-surefire-plugin/xsd/surefire-test-report-3.0.xsd" version="3.0" name="HttpServerTest" time="0.097" tests="10" errors="0" skipped="0" failures="0">
  <properties>
[...]
</properties>
  <testcase name="testGetRoot" classname="HttpServerTest" time="0.034"/>
  <testcase name="testPostEcho" classname="HttpServerTest" time="0.003"/>
  <testcase name="testPutUpdate" classname="HttpServerTest" time="0.003"/>
  <testcase name="testDelete" classname="HttpServerTest" time="0.002"/>
  <testcase name="testPatchMethod" classname="HttpServerTest" time="0.002"/>
  <testcase name="testAccessRequestParameters" classname="HttpServerTest" time="0.009"/>
  <testcase name="testHeadersMap" classname="HttpServerTest" time="0.002"/>
  <testcase name="testResponseCreation" classname="HttpServerTest" time="0.002"/>
  <testcase name="testMultipartFormData" classname="HttpServerTest" time="0.005"/>
  <testcase name="testNotFound" classname="HttpServerTest" time="0.002"/>
</testsuite>